<?xml version="1.0" encoding="utf-8"?><testsuites name="pytest tests"><testsuite name="pytest" errors="0" failures="0" skipped="0" tests="31" time="3.982" timestamp="2026-07-16T17:21:00.838534+00:00" hostname="agent-env-87018b04-a398-422f-8bfd-907cb2e97f34"><testcase classname="backend.tests.backend_test" name="test_root" time="0.229" /><testcase classname="backend.tests.backend_test.TestAuth" name="test_signup_creates_user" time="0.273" /><testcase classname="backend.tests.backend_test.TestAuth" name="test_signup_duplicate_email" time="0.050" /><testcase classname="backend.tests.backend_test.TestAuth" name="test_login_success" time="0.269" /><testcase classname="backend.tests.backend_test.TestAuth" name="test_login_wrong_password" time="0.271" /><testcase classname="backend.tests.backend_test.TestAuth" name="test_me_returns_user" time="0.045" /><testcase classname="backend.tests.backend_test.TestAuth" name="test_me_requires_auth" time="0.083" /><testcase classname="backend.tests.backend_test.TestBuilds" name="test_first_build_is_free" time="0.049" /><testcase classname="backend.tests.backend_test.TestBuilds" name="test_second_build_requires_payment" time="0.050" /><testcase classname="backend.tests.backend_test.TestBuilds" name="test_list_builds" time="0.054" /><testcase classname="backend.tests.backend_test.TestBuilds" name="test_edit_build_free" time="0.047" /><testcase classname="backend.tests.backend_test.TestBuilds" name="test_mock_payment_for_second_build" time="0.093" /><testcase classname="backend.tests.backend_test.TestBuilds" name="test_deploy_paid_build" time="0.053" /><testcase classname="backend.tests.backend_test.TestBuilds" name="test_builds_require_auth" time="0.043" /><testcase classname="backend.tests.backend_test.TestLanding" name="test_showcase" time="0.049" /><testcase classname="backend.tests.backend_test.TestLanding" name="test_features" time="0.046" /><testcase classname="backend.tests.backend_test.TestLanding" name="test_stats" time="0.086" /><testcase classname="backend.tests.backend_test.TestLanding" name="test_pricing" time="0.041" /><testcase classname="backend.tests.backend_test.TestLanding" name="test_waitlist_signup" time="0.046" /><testcase classname="backend.tests.backend_test.TestLanding" name="test_waitlist_duplicate" time="0.042" /><testcase classname="backend.tests.backend_test.TestLanding" name="test_waitlist_count" time="0.048" /><testcase classname="backend.tests.backend_test.TestChat" name="test_chat_with_ai" time="0.779" /><testcase classname="backend.tests.backend_test.TestChat" name="test_chat_history" time="0.050" /><testcase classname="backend.tests.backend_test.TestChat" name="test_chat_sessions_list" time="0.059" /><testcase classname="backend.tests.backend_test.TestShare" name="test_share_non_deployed_returns_400" time="0.062" /><testcase classname="backend.tests.backend_test.TestShare" name="test_share_deployed_returns_slug" time="0.049" /><testcase classname="backend.tests.backend_test.TestShare" name="test_share_slug_is_stable" time="0.108" /><testcase classname="backend.tests.backend_test.TestShare" name="test_public_get_share_no_auth" time="0.179" /><testcase classname="backend.tests.backend_test.TestShare" name="test_public_get_bad_slug_404" time="0.118" /><testcase classname="backend.tests.backend_test.TestShare" name="test_share_others_build_404" time="0.320" /><testcase classname="backend.tests.backend_test.TestShare" name="test_share_requires_auth" time="0.185" /></testsuite></testsuites>